

Microchip MPLAB XC8 Assembler V2.45 build 20230818022343 
                                                                                               Thu Sep 21 17:53:54 2023

Microchip MPLAB XC8 C Compiler v2.45 (Free license) build 20230818022343 Og1 
     1                           	processor	16F883
     2                           	pagewidth 120
     3                           	opt	flic
     4                           	psect	nvBANK0,global,class=BANK0,space=1,delta=1,noexec
     5                           	psect	cinit,global,class=CODE,merge=1,delta=2
     6                           	psect	bssCOMMON,global,class=COMMON,space=1,delta=1,noexec
     7                           	psect	cstackCOMMON,global,class=COMMON,space=1,delta=1,noexec
     8                           	psect	cstackBANK0,global,class=BANK0,space=1,delta=1,noexec
     9                           	psect	maintext,global,class=CODE,split=1,delta=2
    10                           	psect	text1,local,class=CODE,merge=1,delta=2
    11                           	psect	text2,local,class=CODE,merge=1,delta=2
    12                           	psect	text3,local,class=CODE,merge=1,delta=2
    13                           	psect	intentry,global,class=CODE,delta=2
    14                           	psect	config,global,abs,ovrld,class=CONFIG,space=4,delta=2,noexec
    15                           	dabs	1,0x7E,2
    16     0000                     
    17                           ; Generated 17/08/2023 GMT
    18                           ; 
    19                           ; Copyright © 2023, Microchip Technology Inc. and its subsidiaries ("Microchip")
    20                           ; All rights reserved.
    21                           ; 
    22                           ; This software is developed by Microchip Technology Inc. and its subsidiaries ("Microch
      +                          ip").
    23                           ; 
    24                           ; Redistribution and use in source and binary forms, with or without modification, are
    25                           ; permitted provided that the following conditions are met:
    26                           ; 
    27                           ;     1. Redistributions of source code must retain the above copyright notice, this lis
      +                          t of
    28                           ;        conditions and the following disclaimer.
    29                           ; 
    30                           ;     2. Redistributions in binary form must reproduce the above copyright notice, this 
      +                          list
    31                           ;        of conditions and the following disclaimer in the documentation and/or other
    32                           ;        materials provided with the distribution. Publication is not required when
    33                           ;        this file is used in an embedded application.
    34                           ; 
    35                           ;     3. Microchip's name may not be used to endorse or promote products derived from th
      +                          is
    36                           ;        software without specific prior written permission.
    37                           ; 
    38                           ; THIS SOFTWARE IS PROVIDED BY MICROCHIP "AS IS" AND ANY EXPRESS OR IMPLIED WARRANTIES,
    39                           ; INCLUDING, BUT NOT LIMITED TO, THE IMPLIED WARRANTIES OF MERCHANTABILITY AND FITNESS F
      +                          OR
    40                           ; PURPOSE ARE DISCLAIMED.  IN NO EVENT SHALL MICROCHIP BE LIABLE FOR ANY DIRECT, INDIREC
      +                          T,
    41                           ; INCIDENTAL, SPECIAL, EXEMPLARY, OR CONSEQUENTIAL DAMAGES (INCLUDING BUT NOT LIMITED TO
    42                           ; PROCUREMENT OF SUBSTITUTE GOODS OR SERVICES; LOSS OF USE, DATA OR PROFITS; OR BUSINESS
    43                           ; INTERRUPTION) HOWSOEVER CAUSED AND ON ANY THEORY OF LIABILITY, WHETHER IN CONTRACT, ST
      +                          RICT
    44                           ; LIABILITY, OR TORT (INCLUDING NEGLIGENCE OR OTHERWISE) ARISING IN ANY WAY OUT OF THE U
      +                          SE OF
    45                           ; THIS SOFTWARE, EVEN IF ADVISED OF THE POSSIBILITY OF SUCH DAMAGE.
    46                           ; 
    47                           ; 
    48                           ; Code-generator required, PIC16F883 Definitions
    49                           ; 
    50                           ; SFR Addresses
    51     0000                     	;# 
    52     0001                     	;# 
    53     0002                     	;# 
    54     0003                     	;# 
    55     0004                     	;# 
    56     0005                     	;# 
    57     0006                     	;# 
    58     0007                     	;# 
    59     0009                     	;# 
    60     000A                     	;# 
    61     000B                     	;# 
    62     000C                     	;# 
    63     000D                     	;# 
    64     000E                     	;# 
    65     000E                     	;# 
    66     000F                     	;# 
    67     0010                     	;# 
    68     0011                     	;# 
    69     0012                     	;# 
    70     0013                     	;# 
    71     0014                     	;# 
    72     0015                     	;# 
    73     0015                     	;# 
    74     0016                     	;# 
    75     0017                     	;# 
    76     0018                     	;# 
    77     0019                     	;# 
    78     001A                     	;# 
    79     001B                     	;# 
    80     001B                     	;# 
    81     001C                     	;# 
    82     001D                     	;# 
    83     001E                     	;# 
    84     001F                     	;# 
    85     0081                     	;# 
    86     0085                     	;# 
    87     0086                     	;# 
    88     0087                     	;# 
    89     0089                     	;# 
    90     008C                     	;# 
    91     008D                     	;# 
    92     008E                     	;# 
    93     008F                     	;# 
    94     0090                     	;# 
    95     0091                     	;# 
    96     0092                     	;# 
    97     0093                     	;# 
    98     0093                     	;# 
    99     0093                     	;# 
   100     0094                     	;# 
   101     0095                     	;# 
   102     0096                     	;# 
   103     0097                     	;# 
   104     0098                     	;# 
   105     0099                     	;# 
   106     009A                     	;# 
   107     009B                     	;# 
   108     009C                     	;# 
   109     009D                     	;# 
   110     009E                     	;# 
   111     009F                     	;# 
   112     0105                     	;# 
   113     0107                     	;# 
   114     0108                     	;# 
   115     0109                     	;# 
   116     010C                     	;# 
   117     010C                     	;# 
   118     010D                     	;# 
   119     010E                     	;# 
   120     010F                     	;# 
   121     0185                     	;# 
   122     0187                     	;# 
   123     0188                     	;# 
   124     0189                     	;# 
   125     018C                     	;# 
   126     018D                     	;# 
   127     0000                     	;# 
   128     0001                     	;# 
   129     0002                     	;# 
   130     0003                     	;# 
   131     0004                     	;# 
   132     0005                     	;# 
   133     0006                     	;# 
   134     0007                     	;# 
   135     0009                     	;# 
   136     000A                     	;# 
   137     000B                     	;# 
   138     000C                     	;# 
   139     000D                     	;# 
   140     000E                     	;# 
   141     000E                     	;# 
   142     000F                     	;# 
   143     0010                     	;# 
   144     0011                     	;# 
   145     0012                     	;# 
   146     0013                     	;# 
   147     0014                     	;# 
   148     0015                     	;# 
   149     0015                     	;# 
   150     0016                     	;# 
   151     0017                     	;# 
   152     0018                     	;# 
   153     0019                     	;# 
   154     001A                     	;# 
   155     001B                     	;# 
   156     001B                     	;# 
   157     001C                     	;# 
   158     001D                     	;# 
   159     001E                     	;# 
   160     001F                     	;# 
   161     0081                     	;# 
   162     0085                     	;# 
   163     0086                     	;# 
   164     0087                     	;# 
   165     0089                     	;# 
   166     008C                     	;# 
   167     008D                     	;# 
   168     008E                     	;# 
   169     008F                     	;# 
   170     0090                     	;# 
   171     0091                     	;# 
   172     0092                     	;# 
   173     0093                     	;# 
   174     0093                     	;# 
   175     0093                     	;# 
   176     0094                     	;# 
   177     0095                     	;# 
   178     0096                     	;# 
   179     0097                     	;# 
   180     0098                     	;# 
   181     0099                     	;# 
   182     009A                     	;# 
   183     009B                     	;# 
   184     009C                     	;# 
   185     009D                     	;# 
   186     009E                     	;# 
   187     009F                     	;# 
   188     0105                     	;# 
   189     0107                     	;# 
   190     0108                     	;# 
   191     0109                     	;# 
   192     010C                     	;# 
   193     010C                     	;# 
   194     010D                     	;# 
   195     010E                     	;# 
   196     010F                     	;# 
   197     0185                     	;# 
   198     0187                     	;# 
   199     0188                     	;# 
   200     0189                     	;# 
   201     018C                     	;# 
   202     018D                     	;# 
   203                           
   204                           	psect	nvBANK0
   205     0023                     __pnvBANK0:
   206     0023                     _Sleep_Flag:
   207     0023                     	ds	1
   208     000C                     _PIR1bits	set	12
   209     0013                     _SSPBUF	set	19
   210     0007                     _PORTCbits	set	7
   211     000C                     _PIR1	set	12
   212     000B                     _INTCONbits	set	11
   213     000B                     _INTCON	set	11
   214     000E                     _TMR1L	set	14
   215     000F                     _TMR1H	set	15
   216     0010                     _T1CONbits	set	16
   217     0010                     _T1CON	set	16
   218     0012                     _T2CONbits	set	18
   219     0011                     _TMR2	set	17
   220     0012                     _T2CON	set	18
   221     0014                     _SSPCONbits	set	20
   222     0014                     _SSPCON	set	20
   223     0005                     _PORTAbits	set	5
   224     0007                     _PORTC	set	7
   225     0006                     _PORTB	set	6
   226     0005                     _PORTA	set	5
   227     001E                     _ADRESH	set	30
   228     001F                     _ADCON0bits	set	31
   229     008C                     _PIE1bits	set	140
   230     008C                     _PIE1	set	140
   231     0092                     _PR2	set	146
   232     0094                     _SSPSTATbits	set	148
   233     009F                     _ADCON1bits	set	159
   234     008F                     _OSCCONbits	set	143
   235     0087                     _TRISC	set	135
   236     0081                     _OPTION_REGbits	set	129
   237     0086                     _TRISB	set	134
   238     0085                     _TRISA	set	133
   239     009E                     _ADRESL	set	158
   240     0105                     _WDTCONbits	set	261
   241     0109                     _CM2CON1bits	set	265
   242     0107                     _CM1CON0bits	set	263
   243     0185                     _SRCONbits	set	389
   244     0189                     _ANSELH	set	393
   245     0188                     _ANSEL	set	392
   246                           
   247                           	psect	cinit
   248     000D                     start_initialization:	
   249                           ; #config settings
   250                           
   251     000D                     __initialization:
   252                           
   253                           ; Clear objects allocated to COMMON
   254     000D  01F0               	clrf	__pbssCOMMON& (0+127)
   255     000E  01F1               	clrf	(__pbssCOMMON+1)& (0+127)
   256     000F  01F2               	clrf	(__pbssCOMMON+2)& (0+127)
   257     0010  01F3               	clrf	(__pbssCOMMON+3)& (0+127)
   258     0011  01F4               	clrf	(__pbssCOMMON+4)& (0+127)
   259     0012  01F5               	clrf	(__pbssCOMMON+5)& (0+127)
   260     0013                     end_of_initialization:	
   261                           ;End of C runtime variable initialization code
   262                           
   263     0013                     __end_of__initialization:
   264     0013  0183               	clrf	3
   265     0014  118A  2816         	ljmp	_main	;jump to C main() function
   266                           
   267                           	psect	bssCOMMON
   268     0070                     __pbssCOMMON:
   269     0070                     _RXData:
   270     0070                     	ds	1
   271     0071                     _Low_Battery_Flag:
   272     0071                     	ds	1
   273     0072                     _Data_Out_High:
   274     0072                     	ds	1
   275     0073                     _Data_Out_Low:
   276     0073                     	ds	1
   277     0074                     _Probe_Volt_High:
   278     0074                     	ds	1
   279     0075                     _Probe_Volt_Low:
   280     0075                     	ds	1
   281                           
   282                           	psect	cstackCOMMON
   283     0076                     __pcstackCOMMON:
   284     0076                     ?_ADC_Read:
   285     0076                     ?_Init_PIC:	
   286                           ; 1 bytes @ 0x0
   287                           
   288     0076                     ?_main:	
   289                           ; 1 bytes @ 0x0
   290                           
   291     0076                     ?_ISR:	
   292                           ; 1 bytes @ 0x0
   293                           
   294     0076                     ??_ISR:	
   295                           ; 1 bytes @ 0x0
   296                           
   297                           
   298                           ; 1 bytes @ 0x0
   299     0076                     	ds	2
   300     0078                     ??_ADC_Read:
   301     0078                     ??_Init_PIC:	
   302                           ; 1 bytes @ 0x2
   303                           
   304                           
   305                           ; 1 bytes @ 0x2
   306     0078                     	ds	2
   307     007A                     ADC_Read@channel:
   308                           
   309                           ; 1 bytes @ 0x4
   310     007A                     	ds	1
   311                           
   312                           	psect	cstackBANK0
   313     0020                     __pcstackBANK0:
   314     0020                     ??_main:
   315                           
   316                           ; 1 bytes @ 0x0
   317     0020                     	ds	3
   318                           
   319                           	psect	maintext
   320     0016                     __pmaintext:	
   321 ;;
   322 ;;Main: autosize = 0, tempsize = 3, incstack = 0, save=0
   323 ;;
   324 ;; *************** function _main *****************
   325 ;; Defined at:
   326 ;;		line 169 in file "17-0323HV_MonitorBoard.c"
   327 ;; Parameters:    Size  Location     Type
   328 ;;		None
   329 ;; Auto vars:     Size  Location     Type
   330 ;;		None
   331 ;; Return value:  Size  Location     Type
   332 ;;                  1    wreg      void 
   333 ;; Registers used:
   334 ;;		wreg, status,2, status,0, pclath, cstack
   335 ;; Tracked objects:
   336 ;;		On entry : B00/0
   337 ;;		On exit  : 0/0
   338 ;;		Unchanged: 0/0
   339 ;; Data sizes:     COMMON   BANK0   BANK1   BANK2
   340 ;;      Params:         0       0       0       0
   341 ;;      Locals:         0       0       0       0
   342 ;;      Temps:          0       3       0       0
   343 ;;      Totals:         0       3       0       0
   344 ;;Total ram usage:        3 bytes
   345 ;; Hardware stack levels required when called: 2
   346 ;; This function calls:
   347 ;;		_ADC_Read
   348 ;;		_Init_PIC
   349 ;; This function is called by:
   350 ;;		Startup code after reset
   351 ;; This function uses a non-reentrant model
   352 ;;
   353                           
   354     0016                     _main:	
   355                           ;psect for function _main
   356                           
   357     0016                     l1033:	
   358                           ;incstack = 0
   359                           ; Regs used in _main: [wreg+status,2+status,0+pclath+cstack]
   360                           
   361     0016  118A  20CA  118A   	fcall	_Init_PIC
   362     0019                     l1035:
   363     0019  1283               	bcf	3,5	;RP0=0, select bank2
   364     001A  1703               	bsf	3,6	;RP1=1, select bank2
   365     001B  1005               	bcf	5,0	;volatile
   366     001C                     l1037:
   367     001C  1283               	bcf	3,5	;RP0=0, select bank0
   368     001D  1303               	bcf	3,6	;RP1=0, select bank0
   369     001E  01A3               	clrf	_Sleep_Flag
   370     001F                     l1039:
   371     001F  1185               	bcf	5,3	;volatile
   372     0020                     l1041:
   373     0020  1283               	bcf	3,5	;RP0=0, select bank2
   374     0021  1703               	bsf	3,6	;RP1=1, select bank2
   375     0022  1787               	bsf	7,7	;volatile
   376     0023                     l1043:
   377     0023  3024               	movlw	36
   378     0024  1283               	bcf	3,5	;RP0=0, select bank0
   379     0025  1303               	bcf	3,6	;RP1=0, select bank0
   380     0026  00A0               	movwf	??_main
   381     0027                     u357:
   382     0027  0BA0               	decfsz	??_main,f
   383     0028  2827               	goto	u357
   384     0029                     l1045:
   385     0029  1283               	bcf	3,5	;RP0=0, select bank2
   386     002A  1703               	bsf	3,6	;RP1=1, select bank2
   387     002B  1B07               	btfsc	7,6	;volatile
   388     002C  282E               	goto	u251
   389     002D  282F               	goto	u250
   390     002E                     u251:
   391     002E  2831               	goto	l107
   392     002F                     u250:
   393     002F                     l1047:
   394     002F  01F1               	clrf	_Low_Battery_Flag
   395     0030  2833               	goto	l108
   396     0031                     l107:
   397     0031  01F1               	clrf	_Low_Battery_Flag
   398     0032  0AF1               	incf	_Low_Battery_Flag,f
   399     0033                     l108:
   400     0033  1283               	bcf	3,5	;RP0=0, select bank0
   401     0034  1303               	bcf	3,6	;RP1=0, select bank0
   402     0035  1585               	bsf	5,3	;volatile
   403     0036  1283               	bcf	3,5	;RP0=0, select bank2
   404     0037  1703               	bsf	3,6	;RP1=1, select bank2
   405     0038  1387               	bcf	7,7	;volatile
   406     0039  1283               	bcf	3,5	;RP0=0, select bank0
   407     003A  1303               	bcf	3,6	;RP1=0, select bank0
   408     003B  1707               	bsf	7,6	;volatile
   409     003C  141F               	bsf	31,0	;volatile
   410     003D                     l1049:
   411     003D  3014               	movlw	20
   412     003E  1283               	bcf	3,5	;RP0=0, select bank0
   413     003F  1303               	bcf	3,6	;RP1=0, select bank0
   414     0040  00A1               	movwf	??_main+1
   415     0041  3079               	movlw	121
   416     0042  00A0               	movwf	??_main
   417     0043                     u367:
   418     0043  0BA0               	decfsz	??_main,f
   419     0044  2843               	goto	u367
   420     0045  0BA1               	decfsz	??_main+1,f
   421     0046  2843               	goto	u367
   422     0047  0000               	nop
   423     0048                     l1051:
   424     0048  3000               	movlw	0
   425     0049  118A  213A  118A   	fcall	_ADC_Read
   426     004C                     l1053:
   427     004C  1283               	bcf	3,5	;RP0=0, select bank0
   428     004D  1303               	bcf	3,6	;RP1=0, select bank0
   429     004E  1307               	bcf	7,6	;volatile
   430     004F                     l1055:
   431     004F  101F               	bcf	31,0	;volatile
   432     0050                     l1057:
   433     0050  1407               	bsf	7,0	;volatile
   434     0051                     l1059:
   435     0051  0871               	movf	_Low_Battery_Flag,w
   436     0052  1903               	btfsc	3,2
   437     0053  2855               	goto	u261
   438     0054  2856               	goto	u260
   439     0055                     u261:
   440     0055  2857               	goto	l1063
   441     0056                     u260:
   442     0056                     l1061:
   443     0056  1705               	bsf	5,6	;volatile
   444     0057                     l1063:
   445     0057  30C9               	movlw	201
   446     0058  0275               	subwf	_Probe_Volt_Low,w
   447     0059  1C03               	skipc
   448     005A  285C               	goto	u271
   449     005B  285D               	goto	u270
   450     005C                     u271:
   451     005C  285E               	goto	l110
   452     005D                     u270:
   453     005D                     l1065:
   454     005D  1785               	bsf	5,7	;volatile
   455     005E                     l110:
   456     005E  1410               	bsf	16,0	;volatile
   457     005F                     l1067:
   458     005F  01F3               	clrf	_Data_Out_Low
   459     0060                     l1069:
   460     0060  3080               	movlw	128
   461     0061  00F2               	movwf	_Data_Out_High
   462     0062                     l1071:
   463     0062  0871               	movf	_Low_Battery_Flag,w
   464     0063  1903               	btfsc	3,2
   465     0064  2866               	goto	u281
   466     0065  2867               	goto	u280
   467     0066                     u281:
   468     0066  286A               	goto	l1075
   469     0067                     u280:
   470     0067                     l1073:
   471     0067  0872               	movf	_Data_Out_High,w
   472     0068  3820               	iorlw	32
   473     0069  00F2               	movwf	_Data_Out_High
   474     006A                     l1075:
   475     006A  0875               	movf	_Probe_Volt_Low,w
   476     006B  00A0               	movwf	??_main
   477     006C  3001               	movlw	1
   478     006D                     u295:
   479     006D  1003               	clrc
   480     006E  0DA0               	rlf	??_main,f
   481     006F  3EFF               	addlw	-1
   482     0070  1D03               	skipz
   483     0071  286D               	goto	u295
   484     0072  1003               	clrc
   485     0073  0D20               	rlf	??_main,w
   486     0074  39FC               	andlw	252
   487     0075  3801               	iorlw	1
   488     0076  00F3               	movwf	_Data_Out_Low
   489     0077                     l1077:
   490     0077  0875               	movf	_Probe_Volt_Low,w
   491     0078  00A0               	movwf	??_main
   492     0079  3006               	movlw	6
   493     007A                     u305:
   494     007A  1003               	clrc
   495     007B  0CA0               	rrf	??_main,f
   496     007C  3EFF               	addlw	-1
   497     007D  1D03               	skipz
   498     007E  287A               	goto	u305
   499     007F  3003               	movlw	3
   500     0080  0520               	andwf	??_main,w
   501     0081  00A1               	movwf	??_main+1
   502     0082  0874               	movf	_Probe_Volt_High,w
   503     0083  00A2               	movwf	??_main+2
   504     0084  3001               	movlw	1
   505     0085                     u315:
   506     0085  1003               	clrc
   507     0086  0DA2               	rlf	??_main+2,f
   508     0087  3EFF               	addlw	-1
   509     0088  1D03               	skipz
   510     0089  2885               	goto	u315
   511     008A  1003               	clrc
   512     008B  0D22               	rlf	??_main+2,w
   513     008C  390C               	andlw	12
   514     008D  0421               	iorwf	??_main+1,w
   515     008E  0472               	iorwf	_Data_Out_High,w
   516     008F  00F2               	movwf	_Data_Out_High
   517     0090                     l1079:
   518     0090  1694               	bsf	20,5	;volatile
   519     0091                     l1081:
   520     0091  1683               	bsf	3,5	;RP0=1, select bank1
   521     0092  1303               	bcf	3,6	;RP1=0, select bank1
   522     0093  1014               	bcf	20,0	;volatile
   523     0094                     l1083:
   524     0094  1283               	bcf	3,5	;RP0=0, select bank0
   525     0095  1303               	bcf	3,6	;RP1=0, select bank0
   526     0096  0813               	movf	19,w	;volatile
   527     0097  00F0               	movwf	_RXData
   528     0098                     l1085:
   529     0098  1112               	bcf	18,2	;volatile
   530     0099  0191               	clrf	17	;volatile
   531     009A                     l1087:
   532     009A  0872               	movf	_Data_Out_High,w
   533     009B  0093               	movwf	19	;volatile
   534     009C                     l1089:
   535     009C  1512               	bsf	18,2	;volatile
   536     009D                     l112:
   537     009D  1683               	bsf	3,5	;RP0=1, select bank1
   538     009E  1303               	bcf	3,6	;RP1=0, select bank1
   539     009F  1C14               	btfss	20,0	;volatile
   540     00A0  28A2               	goto	u321
   541     00A1  28A3               	goto	u320
   542     00A2                     u321:
   543     00A2  289D               	goto	l112
   544     00A3                     u320:
   545     00A3                     l114:
   546     00A3  1283               	bcf	3,5	;RP0=0, select bank0
   547     00A4  1303               	bcf	3,6	;RP1=0, select bank0
   548     00A5  1294               	bcf	20,5	;volatile
   549     00A6  1694               	bsf	20,5	;volatile
   550     00A7  1683               	bsf	3,5	;RP0=1, select bank1
   551     00A8  1303               	bcf	3,6	;RP1=0, select bank1
   552     00A9  1014               	bcf	20,0	;volatile
   553     00AA                     l1091:
   554     00AA  1283               	bcf	3,5	;RP0=0, select bank0
   555     00AB  1303               	bcf	3,6	;RP1=0, select bank0
   556     00AC  0813               	movf	19,w	;volatile
   557     00AD  00F0               	movwf	_RXData
   558     00AE                     l1093:
   559     00AE  1112               	bcf	18,2	;volatile
   560     00AF                     l1095:
   561     00AF  0191               	clrf	17	;volatile
   562     00B0                     l1097:
   563     00B0  0873               	movf	_Data_Out_Low,w
   564     00B1  0093               	movwf	19	;volatile
   565     00B2                     l1099:
   566     00B2  1512               	bsf	18,2	;volatile
   567     00B3                     l115:
   568     00B3  1683               	bsf	3,5	;RP0=1, select bank1
   569     00B4  1303               	bcf	3,6	;RP1=0, select bank1
   570     00B5  1C14               	btfss	20,0	;volatile
   571     00B6  28B8               	goto	u331
   572     00B7  28B9               	goto	u330
   573     00B8                     u331:
   574     00B8  28B3               	goto	l115
   575     00B9                     u330:
   576     00B9                     l117:
   577     00B9  1283               	bcf	3,5	;RP0=0, select bank0
   578     00BA  1303               	bcf	3,6	;RP1=0, select bank0
   579     00BB  1294               	bcf	20,5	;volatile
   580     00BC                     l1101:
   581     00BC  0823               	movf	_Sleep_Flag,w
   582     00BD  1903               	btfsc	3,2
   583     00BE  28C0               	goto	u341
   584     00BF  28C1               	goto	u340
   585     00C0                     u341:
   586     00C0  28BC               	goto	l1101
   587     00C1                     u340:
   588     00C1                     l120:
   589     00C1  1283               	bcf	3,5	;RP0=0, select bank2
   590     00C2  1703               	bsf	3,6	;RP1=1, select bank2
   591     00C3  1405               	bsf	5,0	;volatile
   592     00C4  0064               	clrwdt	;# 
   593     00C5  0063               	sleep	;# 
   594     00C6  0000               	nop	;# 
   595     00C7  2819               	goto	l1035
   596     00C8  118A  280B         	ljmp	start
   597     00CA                     __end_of_main:
   598                           
   599                           	psect	text1
   600     00CA                     __ptext1:	
   601 ;; *************** function _Init_PIC *****************
   602 ;; Defined at:
   603 ;;		line 88 in file "17-0323HV_MonitorBoard.c"
   604 ;; Parameters:    Size  Location     Type
   605 ;;		None
   606 ;; Auto vars:     Size  Location     Type
   607 ;;		None
   608 ;; Return value:  Size  Location     Type
   609 ;;                  1    wreg      void 
   610 ;; Registers used:
   611 ;;		wreg, status,2, status,0
   612 ;; Tracked objects:
   613 ;;		On entry : 0/0
   614 ;;		On exit  : 0/0
   615 ;;		Unchanged: 0/0
   616 ;; Data sizes:     COMMON   BANK0   BANK1   BANK2
   617 ;;      Params:         0       0       0       0
   618 ;;      Locals:         0       0       0       0
   619 ;;      Temps:          0       0       0       0
   620 ;;      Totals:         0       0       0       0
   621 ;;Total ram usage:        0 bytes
   622 ;; Hardware stack levels used: 1
   623 ;; Hardware stack levels required when called: 1
   624 ;; This function calls:
   625 ;;		Nothing
   626 ;; This function is called by:
   627 ;;		_main
   628 ;; This function uses a non-reentrant model
   629 ;;
   630                           
   631     00CA                     _Init_PIC:	
   632                           ;psect for function _Init_PIC
   633                           
   634     00CA                     l861:	
   635                           ;incstack = 0
   636                           ; Regs used in _Init_PIC: [wreg+status,2+status,0]
   637                           
   638     00CA  3003               	movlw	3
   639     00CB  1683               	bsf	3,5	;RP0=1, select bank3
   640     00CC  1703               	bsf	3,6	;RP1=1, select bank3
   641     00CD  0088               	movwf	8	;volatile
   642     00CE  3003               	movlw	3
   643     00CF  1683               	bsf	3,5	;RP0=1, select bank1
   644     00D0  1303               	bcf	3,6	;RP1=0, select bank1
   645     00D1  0085               	movwf	5	;volatile
   646     00D2                     l863:
   647     00D2  1683               	bsf	3,5	;RP0=1, select bank3
   648     00D3  1703               	bsf	3,6	;RP1=1, select bank3
   649     00D4  0189               	clrf	9	;volatile
   650     00D5                     l865:
   651     00D5  1683               	bsf	3,5	;RP0=1, select bank1
   652     00D6  1303               	bcf	3,6	;RP1=0, select bank1
   653     00D7  0186               	clrf	6	;volatile
   654     00D8                     l867:
   655     00D8  1781               	bsf	1,7	;volatile
   656     00D9  3010               	movlw	16
   657     00DA  0087               	movwf	7	;volatile
   658     00DB                     l869:
   659     00DB  1283               	bcf	3,5	;RP0=0, select bank0
   660     00DC  1303               	bcf	3,6	;RP1=0, select bank0
   661     00DD  0185               	clrf	5	;volatile
   662     00DE                     l871:
   663     00DE  0186               	clrf	6	;volatile
   664     00DF                     l873:
   665     00DF  0187               	clrf	7	;volatile
   666     00E0                     l875:
   667     00E0  1585               	bsf	5,3	;volatile
   668     00E1                     l877:
   669     00E1  1683               	bsf	3,5	;RP0=1, select bank1
   670     00E2  1303               	bcf	3,6	;RP1=0, select bank1
   671     00E3  100F               	bcf	15,0	;volatile
   672     00E4                     l879:
   673     00E4  080F               	movf	15,w	;volatile
   674     00E5  398F               	andlw	-113
   675     00E6  3830               	iorlw	48
   676     00E7  008F               	movwf	15	;volatile
   677     00E8                     l881:
   678     00E8  179F               	bsf	31,7	;volatile
   679     00E9                     l883:
   680     00E9  129F               	bcf	31,5	;volatile
   681     00EA                     l885:
   682     00EA  121F               	bcf	31,4	;volatile
   683     00EB                     l887:
   684     00EB  1283               	bcf	3,5	;RP0=0, select bank0
   685     00EC  1303               	bcf	3,6	;RP1=0, select bank0
   686     00ED  081F               	movf	31,w	;volatile
   687     00EE  393F               	andlw	-193
   688     00EF  3840               	iorlw	64
   689     00F0  009F               	movwf	31	;volatile
   690     00F1                     l889:
   691     00F1  101F               	bcf	31,0	;volatile
   692     00F2                     l891:
   693     00F2  0194               	clrf	20	;volatile
   694     00F3                     l893:
   695     00F3  1214               	bcf	20,4	;volatile
   696     00F4                     l895:
   697     00F4  0814               	movf	20,w	;volatile
   698     00F5  39F0               	andlw	-16
   699     00F6  3803               	iorlw	3
   700     00F7  0094               	movwf	20	;volatile
   701     00F8                     l897:
   702     00F8  1683               	bsf	3,5	;RP0=1, select bank1
   703     00F9  1303               	bcf	3,6	;RP1=0, select bank1
   704     00FA  1394               	bcf	20,7	;volatile
   705     00FB                     l899:
   706     00FB  1714               	bsf	20,6	;volatile
   707     00FC                     l901:
   708     00FC  1283               	bcf	3,5	;RP0=0, select bank0
   709     00FD  1303               	bcf	3,6	;RP1=0, select bank0
   710     00FE  0192               	clrf	18	;volatile
   711     00FF                     l903:
   712     00FF  0191               	clrf	17	;volatile
   713     0100                     l905:
   714     0100  0812               	movf	18,w	;volatile
   715     0101  39FC               	andlw	-4
   716     0102  3802               	iorlw	2
   717     0103  0092               	movwf	18	;volatile
   718     0104  30EA               	movlw	234
   719     0105  1683               	bsf	3,5	;RP0=1, select bank1
   720     0106  1303               	bcf	3,6	;RP1=0, select bank1
   721     0107  0092               	movwf	18	;volatile
   722     0108                     l907:
   723     0108  1283               	bcf	3,5	;RP0=0, select bank0
   724     0109  1303               	bcf	3,6	;RP1=0, select bank0
   725     010A  1512               	bsf	18,2	;volatile
   726     010B                     l909:
   727     010B  1283               	bcf	3,5	;RP0=0, select bank2
   728     010C  1703               	bsf	3,6	;RP1=1, select bank2
   729     010D  1387               	bcf	7,7	;volatile
   730     010E                     l911:
   731     010E  1287               	bcf	7,5	;volatile
   732     010F                     l913:
   733     010F  1207               	bcf	7,4	;volatile
   734     0110                     l915:
   735     0110  1507               	bsf	7,2	;volatile
   736     0111                     l917:
   737     0111  0807               	movf	7,w	;volatile
   738     0112  39FC               	andlw	-4
   739     0113  3801               	iorlw	1
   740     0114  0087               	movwf	7	;volatile
   741     0115                     l919:
   742     0115  1289               	bcf	9,5	;volatile
   743     0116                     l921:
   744     0116  1683               	bsf	3,5	;RP0=1, select bank3
   745     0117  1703               	bsf	3,6	;RP1=1, select bank3
   746     0118  1405               	bsf	5,0	;volatile
   747     0119                     l923:
   748     0119  1283               	bcf	3,5	;RP0=0, select bank0
   749     011A  1303               	bcf	3,6	;RP1=0, select bank0
   750     011B  0190               	clrf	16	;volatile
   751     011C                     l925:
   752     011C  3030               	movlw	48
   753     011D  0490               	iorwf	16,f	;volatile
   754     011E                     l927:
   755     011E  3085               	movlw	133
   756     011F  008F               	movwf	15	;volatile
   757     0120                     l929:
   758     0120  30ED               	movlw	237
   759     0121  008E               	movwf	14	;volatile
   760     0122                     l931:
   761     0122  1283               	bcf	3,5	;RP0=0, select bank2
   762     0123  1703               	bsf	3,6	;RP1=1, select bank2
   763     0124  1005               	bcf	5,0	;volatile
   764     0125                     l933:
   765     0125  0805               	movf	5,w	;volatile
   766     0126  39E1               	andlw	-31
   767     0127  3804               	iorlw	4
   768     0128  0085               	movwf	5	;volatile
   769     0129                     l935:
   770     0129  1683               	bsf	3,5	;RP0=1, select bank1
   771     012A  1303               	bcf	3,6	;RP1=0, select bank1
   772     012B  1581               	bsf	1,3	;volatile
   773     012C                     l937:
   774     012C  3007               	movlw	7
   775     012D  0481               	iorwf	1,f	;volatile
   776     012E  0064               	clrwdt	;# 
   777     012F                     l939:
   778     012F  018B               	clrf	11	;volatile
   779     0130                     l941:
   780     0130  170B               	bsf	11,6	;volatile
   781     0131                     l943:
   782     0131  1683               	bsf	3,5	;RP0=1, select bank1
   783     0132  1303               	bcf	3,6	;RP1=0, select bank1
   784     0133  018C               	clrf	12	;volatile
   785     0134                     l945:
   786     0134  140C               	bsf	12,0	;volatile
   787     0135                     l947:
   788     0135  1283               	bcf	3,5	;RP0=0, select bank0
   789     0136  1303               	bcf	3,6	;RP1=0, select bank0
   790     0137  018C               	clrf	12	;volatile
   791     0138                     l949:
   792     0138  178B               	bsf	11,7	;volatile
   793     0139                     l101:
   794     0139  0008               	return
   795     013A                     __end_of_Init_PIC:
   796                           
   797                           	psect	text2
   798     013A                     __ptext2:	
   799 ;; *************** function _ADC_Read *****************
   800 ;; Defined at:
   801 ;;		line 72 in file "17-0323HV_MonitorBoard.c"
   802 ;; Parameters:    Size  Location     Type
   803 ;;  channel         1    wreg     unsigned char 
   804 ;; Auto vars:     Size  Location     Type
   805 ;;  channel         1    4[COMMON] unsigned char 
   806 ;; Return value:  Size  Location     Type
   807 ;;                  1    wreg      void 
   808 ;; Registers used:
   809 ;;		wreg, status,2, status,0
   810 ;; Tracked objects:
   811 ;;		On entry : 0/0
   812 ;;		On exit  : 0/0
   813 ;;		Unchanged: 0/0
   814 ;; Data sizes:     COMMON   BANK0   BANK1   BANK2
   815 ;;      Params:         0       0       0       0
   816 ;;      Locals:         1       0       0       0
   817 ;;      Temps:          2       0       0       0
   818 ;;      Totals:         3       0       0       0
   819 ;;Total ram usage:        3 bytes
   820 ;; Hardware stack levels used: 1
   821 ;; Hardware stack levels required when called: 1
   822 ;; This function calls:
   823 ;;		Nothing
   824 ;; This function is called by:
   825 ;;		_main
   826 ;; This function uses a non-reentrant model
   827 ;;
   828                           
   829     013A                     _ADC_Read:	
   830                           ;psect for function _ADC_Read
   831                           
   832                           
   833                           ;incstack = 0
   834                           ; Regs used in _ADC_Read: [wreg+status,2+status,0]
   835                           ;ADC_Read@channel stored from wreg
   836     013A  00FA               	movwf	ADC_Read@channel
   837     013B                     l853:
   838     013B  087A               	movf	ADC_Read@channel,w
   839     013C  390F               	andlw	15
   840     013D  00F8               	movwf	??_ADC_Read
   841     013E  0DF8               	rlf	??_ADC_Read,f
   842     013F  0DF8               	rlf	??_ADC_Read,f
   843     0140  1283               	bcf	3,5	;RP0=0, select bank0
   844     0141  1303               	bcf	3,6	;RP1=0, select bank0
   845     0142  081F               	movf	31,w	;volatile
   846     0143  0678               	xorwf	??_ADC_Read,w
   847     0144  39C3               	andlw	-61
   848     0145  0678               	xorwf	??_ADC_Read,w
   849     0146  009F               	movwf	31	;volatile
   850     0147                     l855:
   851     0147  3007               	movlw	7
   852     0148  00F9               	movwf	??_ADC_Read+1
   853     0149  307D               	movlw	125
   854     014A  00F8               	movwf	??_ADC_Read
   855     014B                     u377:
   856     014B  0BF8               	decfsz	??_ADC_Read,f
   857     014C  294B               	goto	u377
   858     014D  0BF9               	decfsz	??_ADC_Read+1,f
   859     014E  294B               	goto	u377
   860     014F                     l857:
   861     014F  1283               	bcf	3,5	;RP0=0, select bank0
   862     0150  1303               	bcf	3,6	;RP1=0, select bank0
   863     0151  149F               	bsf	31,1	;volatile
   864     0152                     l95:
   865     0152  189F               	btfsc	31,1	;volatile
   866     0153  2955               	goto	u131
   867     0154  2956               	goto	u130
   868     0155                     u131:
   869     0155  2952               	goto	l95
   870     0156                     u130:
   871     0156                     l859:
   872     0156  1683               	bsf	3,5	;RP0=1, select bank1
   873     0157  1303               	bcf	3,6	;RP1=0, select bank1
   874     0158  081E               	movf	30,w	;volatile
   875     0159  00F5               	movwf	_Probe_Volt_Low
   876     015A  1283               	bcf	3,5	;RP0=0, select bank0
   877     015B  1303               	bcf	3,6	;RP1=0, select bank0
   878     015C  081E               	movf	30,w	;volatile
   879     015D  00F4               	movwf	_Probe_Volt_High
   880     015E                     l98:
   881     015E  0008               	return
   882     015F                     __end_of_ADC_Read:
   883                           
   884                           	psect	text3
   885     015F                     __ptext3:	
   886 ;; *************** function _ISR *****************
   887 ;; Defined at:
   888 ;;		line 268 in file "17-0323HV_MonitorBoard.c"
   889 ;; Parameters:    Size  Location     Type
   890 ;;		None
   891 ;; Auto vars:     Size  Location     Type
   892 ;;		None
   893 ;; Return value:  Size  Location     Type
   894 ;;                  1    wreg      void 
   895 ;; Registers used:
   896 ;;		wreg
   897 ;; Tracked objects:
   898 ;;		On entry : 0/0
   899 ;;		On exit  : 0/0
   900 ;;		Unchanged: 0/0
   901 ;; Data sizes:     COMMON   BANK0   BANK1   BANK2
   902 ;;      Params:         0       0       0       0
   903 ;;      Locals:         0       0       0       0
   904 ;;      Temps:          2       0       0       0
   905 ;;      Totals:         2       0       0       0
   906 ;;Total ram usage:        2 bytes
   907 ;; Hardware stack levels used: 1
   908 ;; This function calls:
   909 ;;		Nothing
   910 ;; This function is called by:
   911 ;;		Interrupt level 1
   912 ;; This function uses a non-reentrant model
   913 ;;
   914                           
   915     015F                     _ISR:	
   916                           ;psect for function _ISR
   917                           
   918     015F                     i1l1021:
   919     015F  138B               	bcf	11,7	;volatile
   920     0160  1283               	bcf	3,5	;RP0=0, select bank0
   921     0161  1303               	bcf	3,6	;RP1=0, select bank0
   922     0162  1C0C               	btfss	12,0	;volatile
   923     0163  2965               	goto	u24_21
   924     0164  2966               	goto	u24_20
   925     0165                     u24_21:
   926     0165  2971               	goto	i1l1029
   927     0166                     u24_20:
   928     0166                     i1l1023:
   929     0166  1010               	bcf	16,0	;volatile
   930     0167  100C               	bcf	12,0	;volatile
   931     0168  1007               	bcf	7,0	;volatile
   932     0169  1305               	bcf	5,6	;volatile
   933     016A  1385               	bcf	5,7	;volatile
   934     016B                     i1l1025:
   935     016B  3085               	movlw	133
   936     016C  008F               	movwf	15	;volatile
   937     016D  30ED               	movlw	237
   938     016E  008E               	movwf	14	;volatile
   939     016F                     i1l1027:
   940     016F  01A3               	clrf	_Sleep_Flag
   941     0170  0AA3               	incf	_Sleep_Flag,f
   942     0171                     i1l1029:
   943     0171  178B               	bsf	11,7	;volatile
   944     0172                     i1l129:
   945     0172  0877               	movf	??_ISR+1,w
   946     0173  008A               	movwf	10
   947     0174  0E76               	swapf	??_ISR,w
   948     0175  0083               	movwf	3
   949     0176  0EFE               	swapf	btemp,f
   950     0177  0E7E               	swapf	btemp,w
   951     0178  0009               	retfie
   952     0179                     __end_of_ISR:
   953     007E                     btemp	set	126	;btemp
   954     007E                     wtemp0	set	126
   955                           
   956                           	psect	intentry
   957     0004                     __pintentry:	
   958                           ;incstack = 0
   959                           ; Regs used in _ISR: [wreg]
   960                           
   961     0004                     interrupt_function:
   962     007E                     saved_w	set	btemp
   963     0004  00FE               	movwf	btemp
   964     0005  0E03               	swapf	3,w
   965     0006  00F6               	movwf	??_ISR
   966     0007  080A               	movf	10,w
   967     0008  00F7               	movwf	??_ISR+1
   968     0009  118A  295F         	ljmp	_ISR
   969                           
   970                           	psect	config
   971                           
   972                           ;Config register CONFIG1 @ 0x2007
   973                           ;	Oscillator Selection bits
   974                           ;	FOSC = INTRC_NOCLKOUT, INTOSCIO oscillator: I/O function on RA6/OSC2/CLKOUT pin, I/O f
      +                          unction on RA7/OSC1/CLKIN
   975                           ;	Watchdog Timer Enable bit
   976                           ;	WDTE = OFF, WDT disabled and can be enabled by SWDTEN bit of the WDTCON register
   977                           ;	Power-up Timer Enable bit
   978                           ;	PWRTE = OFF, PWRT disabled
   979                           ;	RE3/MCLR pin function select bit
   980                           ;	MCLRE = ON, RE3/MCLR pin function is MCLR
   981                           ;	Code Protection bit
   982                           ;	CP = OFF, Program memory code protection is disabled
   983                           ;	Data Code Protection bit
   984                           ;	CPD = OFF, Data memory code protection is disabled
   985                           ;	Brown Out Reset Selection bits
   986                           ;	BOREN = OFF, BOR disabled
   987                           ;	Internal External Switchover bit
   988                           ;	IESO = OFF, Internal/External Switchover mode is disabled
   989                           ;	Fail-Safe Clock Monitor Enabled bit
   990                           ;	FCMEN = OFF, Fail-Safe Clock Monitor is disabled
   991                           ;	Low Voltage Programming Enable bit
   992                           ;	LVP = OFF, RB3 pin has digital I/O, HV on MCLR must be used for programming
   993                           ;	In-Circuit Debugger Mode bit
   994                           ;	DEBUG = 0x1, unprogrammed default
   995     2007                     	org	8199
   996     2007  20F4               	dw	8436
   997                           
   998                           ;Config register CONFIG2 @ 0x2008
   999                           ;	Brown-out Reset Selection bit
  1000                           ;	BOR4V = BOR40V, Brown-out Reset set to 4.0V
  1001                           ;	Flash Program Memory Self Write Enable bits
  1002                           ;	WRT = OFF, Write protection off
  1003     2008                     	org	8200
  1004     2008  3FFF               	dw	16383

Data Sizes:
    Strings     0
    Constant    0
    Data        0
    BSS         6
    Persistent  1
    Stack       0

Auto Spaces:
    Space          Size  Autos    Used
    COMMON           14      5      11
    BANK0            80      3       4
    BANK1            80      0       0
    BANK2            80      0       0

Pointer List with Targets:

    None.

Critical Paths under _main in COMMON

    _main->_ADC_Read

Critical Paths under _ISR in COMMON

    None.

Critical Paths under _main in BANK0

    None.

Critical Paths under _ISR in BANK0

    None.

Critical Paths under _main in BANK1

    None.

Critical Paths under _ISR in BANK1

    None.

Critical Paths under _main in BANK2

    None.

Critical Paths under _ISR in BANK2

    None.

Call Graph Tables:

 ---------------------------------------------------------------------------------
 (Depth) Function   	        Calls       Base Space   Used Autos Params    Refs
 ---------------------------------------------------------------------------------
 (0) _main                                                 3     3      0      22
                                              0 BANK0      3     3      0
                           _ADC_Read
                           _Init_PIC
 ---------------------------------------------------------------------------------
 (1) _Init_PIC                                             0     0      0       0
 ---------------------------------------------------------------------------------
 (1) _ADC_Read                                             3     3      0      22
                                              2 COMMON     3     3      0
 ---------------------------------------------------------------------------------
 Estimated maximum stack depth 1
 ---------------------------------------------------------------------------------
 (Depth) Function   	        Calls       Base Space   Used Autos Params    Refs
 ---------------------------------------------------------------------------------
 (2) _ISR                                                  2     2      0       0
                                              0 COMMON     2     2      0
 ---------------------------------------------------------------------------------
 Estimated maximum stack depth 2
 ---------------------------------------------------------------------------------

 Call Graph Graphs:

 _main (ROOT)
   _ADC_Read
   _Init_PIC

 _ISR (ROOT)

 Address spaces:
Name               Size   Autos  Total    Cost      Usage
BITCOMMON            E      0       0       0        0.0%
EEDATA             100      0       0       0        0.0%
NULL                 0      0       0       0        0.0%
CODE                 0      0       0       0        0.0%
COMMON               E      5       B       1       78.6%
BITSFR0              0      0       0       1        0.0%
SFR0                 0      0       0       1        0.0%
BITSFR1              0      0       0       2        0.0%
SFR1                 0      0       0       2        0.0%
STACK                0      0       0       2        0.0%
BANK0               50      3       4       3        5.0%
BITBANK1            50      0       0       4        0.0%
BITSFR3              0      0       0       4        0.0%
SFR3                 0      0       0       4        0.0%
BANK1               50      0       0       5        0.0%
BITSFR2              0      0       0       5        0.0%
SFR2                 0      0       0       5        0.0%
BITBANK2            50      0       0       6        0.0%
BANK2               50      0       0       7        0.0%
ABS                  0      0       F       8        0.0%
BITBANK0            50      0       0       9        0.0%
DATA                 0      0       F      10        0.0%


Microchip Technology PIC Macro Assembler V2.45 build 20230818022343 
Symbol Table                                                                                   Thu Sep 21 17:53:54 2023

            _SSPSTATbits 0094                       l95 0152                       l98 015E  
                    l101 0139                      l110 005E                      l120 00C1  
                    l112 009D                      l114 00A3                      l115 00B3  
                    l107 0031                      l108 0033                      l117 00B9  
                    l901 00FC                      l911 010E                      l903 00FF  
                    l921 0116                      l913 010F                      l905 0100  
                    l931 0122                      l923 0119                      l915 0110  
                    l907 0108                      l853 013B                      l941 0130  
                    l933 0125                      l925 011C                      l917 0111  
                    l909 010B                      l861 00CA                      l855 0147  
                    l943 0131                      l935 0129                      l927 011E  
                    l919 0115                      l871 00DE                      l863 00D2  
                    l857 014F                      l945 0134                      l937 012C  
                    l929 0120                      l881 00E8                      l873 00DF  
                    l865 00D5                      l859 0156                      l947 0135  
                    l939 012F                      l891 00F2                      l883 00E9  
                    l875 00E0                      l867 00D8                      l949 0138  
                    l893 00F3                      l885 00EA                      l877 00E1  
                    l869 00DB                      l895 00F4                      l887 00EB  
                    l879 00E4                      l897 00F8                      l889 00F1  
                    l899 00FB                      u130 0156                      u131 0155  
                    u320 00A3                      u321 00A2                      u305 007A  
                    u330 00B9                      u250 002F                      u331 00B8  
                    u315 0085                      u251 002E                      u340 00C1  
                    u260 0056                      u341 00C0                      u261 0055  
                    u270 005D                      _PR2 0092                      u271 005C  
                    u280 0067                      u281 0066                      _ISR 015F  
                    u357 0027                      u295 006D                      u367 0043  
                    u377 014B                     ?_ISR 0076                     l1101 00BC  
                   l1041 0020                     l1033 0016                     l1051 0048  
                   l1043 0023                     l1035 0019                     l1061 0056  
                   l1053 004C                     l1045 0029                     l1037 001C  
                   l1071 0062                     l1063 0057                     l1055 004F  
                   l1047 002F                     l1039 001F                     l1081 0091  
                   l1073 0067                     l1065 005D                     l1057 0050  
                   l1049 003D                     l1091 00AA                     l1083 0094  
                   l1075 006A                     l1067 005F                     l1059 0051  
                   l1093 00AE                     l1085 0098                     l1077 0077  
                   l1069 0060                     l1095 00AF                     l1087 009A  
                   l1079 0090                     l1097 00B0                     l1089 009C  
                   l1099 00B2                     _PIE1 008C                     _PIR1 000C  
                   _TMR2 0011                     _main 0016                     btemp 007E  
       __end_of_ADC_Read 015F                     start 000B                    ??_ISR 0076  
                  ?_main 0076                    _ANSEL 0188                    _T1CON 0010  
                  _T2CON 0012                    i1l129 0172                    u24_20 0166  
                  u24_21 0165                    _TMR1H 000F                    _TMR1L 000E  
                  _PORTA 0005                    _PORTB 0006                    _PORTC 0007  
                  _TRISA 0085                    _TRISB 0086                    _TRISC 0087  
                  pclath 000A                    status 0003                    wtemp0 007E  
        __initialization 000D             __end_of_main 00CA         __end_of_Init_PIC 013A  
                 ??_main 0020             _Data_Out_Low 0073                   _ADRESH 001E  
                 _ADRESL 009E                   _ANSELH 0189                   i1l1021 015F  
                 i1l1023 0166                   i1l1025 016B                   i1l1027 016F  
                 i1l1029 0171                   _INTCON 000B                   _SSPCON 0014  
                 _SSPBUF 0013                   _RXData 0070               _Sleep_Flag 0023  
        ADC_Read@channel 007A                ?_ADC_Read 0076                   saved_w 007E  
__end_of__initialization 0013           __pcstackCOMMON 0076           _OPTION_REGbits 0081  
             ??_ADC_Read 0078                ?_Init_PIC 0076               __pmaintext 0016  
          _Data_Out_High 0072               __pintentry 0004           _Probe_Volt_Low 0075  
             ??_Init_PIC 0078                  __ptext1 00CA                  __ptext2 013A  
                __ptext3 015F                _T1CONbits 0010                _T2CONbits 0012  
   end_of_initialization 0013                _PORTAbits 0005                _PORTCbits 0007  
              _SRCONbits 0185         _Low_Battery_Flag 0071              _CM1CON0bits 0107  
            _CM2CON1bits 0109      start_initialization 000D              __end_of_ISR 0179  
            __pbssCOMMON 0070                ___latbits 0001            __pcstackBANK0 0020  
              __pnvBANK0 0023                 _ADC_Read 013A        interrupt_function 0004  
               _PIE1bits 008C                 _PIR1bits 000C          _Probe_Volt_High 0074  
             _ADCON0bits 001F               _ADCON1bits 009F                 _Init_PIC 00CA  
             _INTCONbits 000B                 intlevel1 0000               _OSCCONbits 008F  
             _WDTCONbits 0105               _SSPCONbits 0014  
